\BOOKMARK [0][-]{section*.4}{Abbildungsverzeichnis}{}% 1
\BOOKMARK [0][-]{section*.6}{Tabellenverzeichnis}{}% 2
\BOOKMARK [0][-]{section*.8}{Abk\374rzungsverzeichnis}{}% 3
\BOOKMARK [0][-]{chapter.1}{Einf\374hrung}{}% 4
\BOOKMARK [1][-]{section.1.1}{System}{chapter.1}% 5
\BOOKMARK [1][-]{section.1.2}{Zweck}{chapter.1}% 6
\BOOKMARK [1][-]{section.1.3}{Umfang}{chapter.1}% 7
\BOOKMARK [1][-]{section.1.4}{Referenzen}{chapter.1}% 8
\BOOKMARK [1][-]{section.1.5}{\334berblick}{chapter.1}% 9
\BOOKMARK [0][-]{chapter.2}{Stakeholder- und Benutzerbeschreibungen}{}% 10
\BOOKMARK [1][-]{section.2.1}{\334berblick Stakeholder/Benutzer}{chapter.2}% 11
\BOOKMARK [1][-]{section.2.2}{Benutzerumgebung}{chapter.2}% 12
\BOOKMARK [0][-]{chapter.3}{Produkt \334berblick}{}% 13
\BOOKMARK [1][-]{section.3.1}{Zusammenfassung der Produktf\344higkeiten/Eigenschaften}{chapter.3}% 14
\BOOKMARK [1][-]{section.3.2}{Produkt F\344higkeiten/Eigenschaften}{chapter.3}% 15
\BOOKMARK [2][-]{subsection.3.2.1}{Eigenschaft/F\344higkeit 1}{section.3.2}% 16
\BOOKMARK [2][-]{subsection.3.2.2}{Eigenschaft/F\344higkeit 2}{section.3.2}% 17
\BOOKMARK [1][-]{section.3.3}{Annahmen und Abh\344ngigkeiten}{chapter.3}% 18
\BOOKMARK [0][-]{chapter.4}{Dom\344nenmodell}{}% 19
\BOOKMARK [1][-]{section.4.1}{\334berblick}{chapter.4}% 20
\BOOKMARK [1][-]{section.4.2}{Detailliertes Modell}{chapter.4}% 21
\BOOKMARK [2][-]{subsection.4.2.1}{Klasse 1}{section.4.2}% 22
\BOOKMARK [2][-]{subsection.4.2.2}{Klasse 2}{section.4.2}% 23
\BOOKMARK [1][-]{section.4.3}{Einschr\344nkungen}{chapter.4}% 24
\BOOKMARK [0][-]{chapter.5}{Dynamisches Modell}{}% 25
\BOOKMARK [1][-]{section.5.1}{Detaillierte Benutzungsf\344lle \(Use Cases\)}{chapter.5}% 26
\BOOKMARK [2][-]{subsection.5.1.1}{Ein Use Case}{section.5.1}% 27
\BOOKMARK [3][-]{subsubsection.5.1.1.1}{Detaillierte Benutzungsfallbeschreibungen}{subsection.5.1.1}% 28
\BOOKMARK [3][-]{subsubsection.5.1.1.2}{Sequenz Diagramme}{subsection.5.1.1}% 29
\BOOKMARK [3][-]{subsubsection.5.1.1.3}{Kontrakte}{subsection.5.1.1}% 30
\BOOKMARK [1][-]{section.5.2}{Objekt Lifecycles}{chapter.5}% 31
\BOOKMARK [0][-]{chapter.6}{Nonfunktionale Anforderungen}{}% 32
\BOOKMARK [1][-]{section.6.1}{Regeln}{chapter.6}% 33
\BOOKMARK [1][-]{section.6.2}{Usability}{chapter.6}% 34
\BOOKMARK [1][-]{section.6.3}{Zuverl\344ssigkeit}{chapter.6}% 35
\BOOKMARK [1][-]{section.6.4}{Performanz}{chapter.6}% 36
\BOOKMARK [1][-]{section.6.5}{Unterst\374tzbarkeit}{chapter.6}% 37
\BOOKMARK [1][-]{section.6.6}{Online Benutzerdokumentation und Help System}{chapter.6}% 38
\BOOKMARK [1][-]{section.6.7}{zugekaufte Komponenten}{chapter.6}% 39
\BOOKMARK [1][-]{section.6.8}{Schnittstellen}{chapter.6}% 40
\BOOKMARK [2][-]{subsection.6.8.1}{Benutzerschnittstellen}{section.6.8}% 41
\BOOKMARK [2][-]{subsection.6.8.2}{Softwareschnittstellen}{section.6.8}% 42
\BOOKMARK [2][-]{subsection.6.8.3}{Kommunikationsschnittstellen}{section.6.8}% 43
\BOOKMARK [1][-]{section.6.9}{zus\344tzliche Lizenzierungen}{chapter.6}% 44
\BOOKMARK [1][-]{section.6.10}{Copyright und andere rechtliche Anforderungen}{chapter.6}% 45
\BOOKMARK [1][-]{section.6.11}{Anzuwendende Standards}{chapter.6}% 46
\BOOKMARK [0][-]{chapter.7}{Iterationsplan \(Timeboxes\)}{}% 47
\BOOKMARK [1][-]{section.7.1}{\334berblick}{chapter.7}% 48
\BOOKMARK [1][-]{section.7.2}{1. Timebox}{chapter.7}% 49
\BOOKMARK [2][-]{subsection.7.2.1}{Benutzungsfall/f\344lle \(UseCase\(s\)\)}{section.7.2}% 50
\BOOKMARK [2][-]{subsection.7.2.2}{Architektur}{section.7.2}% 51
\BOOKMARK [2][-]{subsection.7.2.3}{Deliverables}{section.7.2}% 52
\BOOKMARK [2][-]{subsection.7.2.4}{Abh\344ngigkeiten}{section.7.2}% 53
\BOOKMARK [1][-]{section.7.3}{2. Timebox}{chapter.7}% 54
\BOOKMARK [2][-]{subsection.7.3.1}{Benutzungsfall/f\344lle \(UseCase\(s\)\)}{section.7.3}% 55
\BOOKMARK [2][-]{subsection.7.3.2}{Architektur}{section.7.3}% 56
\BOOKMARK [2][-]{subsection.7.3.3}{Deliverables}{section.7.3}% 57
\BOOKMARK [2][-]{subsection.7.3.4}{Abh\344ngigkeiten}{section.7.3}% 58
\BOOKMARK [1][-]{section.7.4}{3. Timebox}{chapter.7}% 59
\BOOKMARK [2][-]{subsection.7.4.1}{Benutzungsfall/f\344lle \(UseCase\(s\)\)}{section.7.4}% 60
\BOOKMARK [2][-]{subsection.7.4.2}{Architektur}{section.7.4}% 61
\BOOKMARK [2][-]{subsection.7.4.3}{Deliverables}{section.7.4}% 62
\BOOKMARK [2][-]{subsection.7.4.4}{Abh\344ngigkeiten}{section.7.4}% 63
\BOOKMARK [0][-]{chapter.8}{Glossar}{}% 64
\BOOKMARK [0][-]{chapter*.10}{Eidesstattliche Erkl\344rung}{}% 65
